<?xml version="1.0" encoding="UTF-8" standalone="yes"?><!DOCTYPE report PUBLIC "-//JACOCO//DTD Report 1.1//EN" "report.dtd"><report name="UTubeTrends"><sessioninfo id="DESKTOP-5JRTJPH-d5589697" start="1707499576663" dump="1707499583670"/><sessioninfo id="DESKTOP-5JRTJPH-e3920d2e" start="1707499609542" dump="1707499616672"/><sessioninfo id="DESKTOP-5JRTJPH-e33f1df3" start="1707500171996" dump="1707500174085"/><sessioninfo id="DESKTOP-5JRTJPH-4eeff8fd" start="1707500256749" dump="1707500258594"/><sessioninfo id="DESKTOP-5JRTJPH-4b046504" start="1707503191155" dump="1707503193302"/><sessioninfo id="DESKTOP-5JRTJPH-1156f4e7" start="1707503213625" dump="1707503215481"/><sessioninfo id="DESKTOP-5JRTJPH-e973a944" start="1707503242330" dump="1707503244208"/><sessioninfo id="DESKTOP-5JRTJPH-146fb38d" start="1707505593996" dump="1707505640174"/><package name="YouTubeTrends/UTubeTrends"><class name="YouTubeTrends/UTubeTrends/App" sourcefilename="App.java"><method name="&lt;init&gt;" desc="()V" line="3"><counter type="INSTRUCTION" missed="3" covered="0"/><counter type="LINE" missed="1" covered="0"/><counter type="COMPLEXITY" missed="1" covered="0"/><counter type="METHOD" missed="1" covered="0"/></method><method name="main" desc="([Ljava/lang/String;)V" line="6"><counter type="INSTRUCTION" missed="4" covered="0"/><counter type="LINE" missed="2" covered="0"/><counter type="COMPLEXITY" missed="1" covered="0"/><counter type="METHOD" missed="1" covered="0"/></method><counter type="INSTRUCTION" missed="7" covered="0"/><counter type="LINE" missed="3" covered="0"/><counter type="COMPLEXITY" missed="2" covered="0"/><counter type="METHOD" missed="2" covered="0"/><counter type="CLASS" missed="1" covered="0"/></class><sourcefile name="App.java"><line nr="3" mi="3" ci="0" mb="0" cb="0"/><line nr="6" mi="3" ci="0" mb="0" cb="0"/><line nr="7" mi="1" ci="0" mb="0" cb="0"/><counter type="INSTRUCTION" missed="7" covered="0"/><counter type="LINE" missed="3" covered="0"/><counter type="COMPLEXITY" missed="2" covered="0"/><counter type="METHOD" missed="2" covered="0"/><counter type="CLASS" missed="1" covered="0"/></sourcefile><counter type="INSTRUCTION" missed="7" covered="0"/><counter type="LINE" missed="3" covered="0"/><counter type="COMPLEXITY" missed="2" covered="0"/><counter type="METHOD" missed="2" covered="0"/><counter type="CLASS" missed="1" covered="0"/></package><counter type="INSTRUCTION" missed="7" covered="0"/><counter type="LINE" missed="3" covered="0"/><counter type="COMPLEXITY" missed="2" covered="0"/><counter type="METHOD" missed="2" covered="0"/><counter type="CLASS" missed="1" covered="0"/></report>