<?xml version="1.0" encoding="UTF-8"?>
<!-- Generated by org.testng.reporters.JUnitXMLReporter -->
<testsuite ignored="3" hostname="DESKTOP-5JRTJPH" failures="0" tests="1" name="Default test" time="40.442" errors="0" timestamp="26 May 2024 19:11:23 GMT">
  <testcase classname="YouTubeTrends.UTubeTrends.testing.AppTest" name="test" time="40.421"/>
  <testcase classname="YouTubeTrends.UTubeTrends.testing.AppTest" name="test3" time="0.0">
    <ignored/>
  </testcase> <!-- test3 -->
  <testcase classname="YouTubeTrends.UTubeTrends.testing.AppTest" name="test2" time="0.0">
    <ignored/>
  </testcase> <!-- test2 -->
  <testcase classname="YouTubeTrends.UTubeTrends.testing.AppTest" name="test4" time="0.0">
    <ignored/>
  </testcase> <!-- test4 -->
</testsuite> <!-- Default test -->
