<?xml version="1.0" encoding="UTF-8"?>
<!-- Generated by org.testng.reporters.JUnitXMLReporter -->
<testsuite ignored="3" hostname="DESKTOP-5JRTJPH" failures="0" tests="4" name="Default test" time="285.306" errors="0" timestamp="09 Feb 2024 20:56:14 GMT">
  <testcase classname="YouTubeTrends.UTubeTrends.testing.AppTest" name="test4" time="40.402"/>
  <testcase classname="YouTubeTrends.UTubeTrends.testing.AppTest" name="test4" time="91.978"/>
  <testcase classname="YouTubeTrends.UTubeTrends.testing.AppTest" name="test4" time="57.159"/>
  <testcase classname="YouTubeTrends.UTubeTrends.testing.AppTest" name="test4" time="95.733"/>
  <testcase classname="YouTubeTrends.UTubeTrends.testing.AppTest" name="test3" time="0.0">
    <ignored/>
  </testcase> <!-- test3 -->
  <testcase classname="YouTubeTrends.UTubeTrends.testing.AppTest" name="test" time="0.0">
    <ignored/>
  </testcase> <!-- test -->
  <testcase classname="YouTubeTrends.UTubeTrends.testing.AppTest" name="test2" time="0.0">
    <ignored/>
  </testcase> <!-- test2 -->
</testsuite> <!-- Default test -->
