<?xml version="1.0" encoding="UTF-8"?>
<testng-results ignored="0" total="1" passed="1" failed="0" skipped="0">
  <reporter-output>
  </reporter-output>
  <suite started-at="2024-02-09T19:11:46Z" name="Suite" finished-at="2024-02-09T19:11:58Z" duration-ms="12483">
    <groups>
    </groups>
    <test started-at="2024-02-09T19:11:46Z" name="Test" finished-at="2024-02-09T19:11:58Z" duration-ms="12483">
      <class name="YouTubeTrends.UTubeTrends.testing.AppTest">
        <test-method is-config="true" signature="suiteSetup()[pri:0, instance:YouTubeTrends.UTubeTrends.testing.AppTest@1d7f7be7]" started-at="2024-02-09T19:11:41Z" name="suiteSetup" finished-at="2024-02-09T19:11:46Z" duration-ms="4385" status="PASS">
          <reporter-output>
          </reporter-output>
        </test-method> <!-- suiteSetup -->
        <test-method signature="test()[pri:0, instance:YouTubeTrends.UTubeTrends.testing.AppTest@1d7f7be7]" started-at="2024-02-09T19:11:46Z" name="test" finished-at="2024-02-09T19:11:58Z" duration-ms="12440" status="PASS">
          <reporter-output>
          </reporter-output>
        </test-method> <!-- test -->
        <test-method is-config="true" signature="suiteCleanup()[pri:0, instance:YouTubeTrends.UTubeTrends.testing.AppTest@1d7f7be7]" started-at="2024-02-09T19:11:58Z" name="suiteCleanup" finished-at="2024-02-09T19:11:59Z" duration-ms="346" status="PASS">
          <reporter-output>
          </reporter-output>
        </test-method> <!-- suiteCleanup -->
      </class> <!-- YouTubeTrends.UTubeTrends.testing.AppTest -->
    </test> <!-- Test -->
  </suite> <!-- Suite -->
</testng-results>
