<?xml version="1.0" encoding="UTF-8"?>
<testng-results ignored="3" total="4" passed="1" failed="0" skipped="0">
  <reporter-output>
  </reporter-output>
  <suite started-at="2024-05-26T18:28:06Z" name="Default suite" finished-at="2024-05-26T18:29:14Z" duration-ms="68117">
    <groups>
    </groups>
    <test started-at="2024-05-26T18:28:06Z" name="Default test" finished-at="2024-05-26T18:29:14Z" duration-ms="68117">
      <class name="YouTubeTrends.UTubeTrends.testing.AppTest">
        <test-method is-config="true" signature="suiteSetup()[pri:0, instance:YouTubeTrends.UTubeTrends.testing.AppTest@6f7923a5]" started-at="2024-05-26T18:26:23Z" name="suiteSetup" finished-at="2024-05-26T18:28:06Z" duration-ms="102121" status="PASS">
          <reporter-output>
          </reporter-output>
        </test-method> <!-- suiteSetup -->
        <test-method signature="test()[pri:0, instance:YouTubeTrends.UTubeTrends.testing.AppTest@6f7923a5]" started-at="2024-05-26T18:28:06Z" name="test" finished-at="2024-05-26T18:29:14Z" duration-ms="68095" status="PASS">
          <reporter-output>
          </reporter-output>
        </test-method> <!-- test -->
        <test-method is-config="true" signature="suiteCleanup()[pri:0, instance:YouTubeTrends.UTubeTrends.testing.AppTest@6f7923a5]" started-at="2024-05-26T18:29:14Z" name="suiteCleanup" finished-at="2024-05-26T18:29:14Z" duration-ms="471" status="PASS">
          <reporter-output>
          </reporter-output>
        </test-method> <!-- suiteCleanup -->
      </class> <!-- YouTubeTrends.UTubeTrends.testing.AppTest -->
    </test> <!-- Default test -->
  </suite> <!-- Default suite -->
</testng-results>
